<?xml version="1.0" encoding="UTF-8"?>
<testng-results skipped="0" failed="0" total="1" passed="1">
  <reporter-output>
  </reporter-output>
  <suite name="Default suite" duration-ms="95717" started-at="2016-06-02T10:25:29Z" finished-at="2016-06-02T10:27:05Z">
    <groups>
    </groups>
    <test name="Default test" duration-ms="95717" started-at="2016-06-02T10:25:29Z" finished-at="2016-06-02T10:27:05Z">
      <class name="testCases.Flight_Finder">
        <test-method status="PASS" signature="openUrl()[pri:0, instance:testCases.Flight_Finder@6d7b4f4c]" name="openUrl" is-config="true" duration-ms="6648" started-at="2016-06-02T15:55:30Z" finished-at="2016-06-02T15:55:36Z">
          <reporter-output>
          </reporter-output>
        </test-method> <!-- openUrl -->
        <test-method status="PASS" signature="flightdetails(java.lang.String, java.lang.String)[pri:0, instance:testCases.Flight_Finder@6d7b4f4c]" name="flightdetails" duration-ms="88311" started-at="2016-06-02T15:55:36Z" data-provider="Authentication" finished-at="2016-06-02T15:57:05Z">
          <params>
            <param index="0">
              <value>
                <![CDATA[mercury]]>
              </value>
            </param>
            <param index="1">
              <value>
                <![CDATA[mercury]]>
              </value>
            </param>
          </params>
          <reporter-output>
          </reporter-output>
        </test-method> <!-- flightdetails -->
        <test-method status="PASS" signature="closepage()[pri:0, instance:testCases.Flight_Finder@6d7b4f4c]" name="closepage" is-config="true" duration-ms="388" started-at="2016-06-02T15:57:05Z" finished-at="2016-06-02T15:57:05Z">
          <reporter-output>
          </reporter-output>
        </test-method> <!-- closepage -->
      </class> <!-- testCases.Flight_Finder -->
    </test> <!-- Default test -->
  </suite> <!-- Default suite -->
</testng-results>
